<?xml version="1.0" encoding="UTF-8" ?>
<testsuites>
  <testsuite errors="0" failures="0" hostname="sagar" id="0" name="SubscriptionSpec" package="com.ttnd.LinkSharing" tests="5" time="3.285" timestamp="2016-02-22T11:37:20">
      <properties />

      <testcase classname="com.ttnd.LinkSharing.SubscriptionSpec" name="test for Subscriptions[0]" time="3.033" />

      <testcase classname="com.ttnd.LinkSharing.SubscriptionSpec" name="test for Subscriptions[1]" time="0.047" />

      <testcase classname="com.ttnd.LinkSharing.SubscriptionSpec" name="test for Subscriptions[2]" time="0.034" />

      <testcase classname="com.ttnd.LinkSharing.SubscriptionSpec" name="test for Subscriptions[3]" time="0.036" />

      <testcase classname="com.ttnd.LinkSharing.SubscriptionSpec" name="test for Subscriptions[4]" time="0.04" />

      <system-out><![CDATA[--Output from test for Subscriptions[0]--
--Output from test for Subscriptions[1]--
--Output from test for Subscriptions[2]--
--Output from test for Subscriptions[3]--
--Output from test for Subscriptions[4]--
]]></system-out>

      <system-err><![CDATA[--Output from test for Subscriptions[0]--
--Output from test for Subscriptions[1]--
--Output from test for Subscriptions[2]--
--Output from test for Subscriptions[3]--
--Output from test for Subscriptions[4]--
]]></system-err>

  </testsuite>
</testsuites>
