<?xml version="1.0" encoding="UTF-8" ?>
<testsuites>
  <testsuite errors="0" failures="0" hostname="sagar" id="0" name="SubscriptionControllerSpec" package="com.ttnd.linksharing" tests="3" time="7.046" timestamp="2016-03-02T09:51:48">
      <properties />

      <testcase classname="com.ttnd.linksharing.SubscriptionControllerSpec" name="test delete" time="6.155" />

      <testcase classname="com.ttnd.linksharing.SubscriptionControllerSpec" name="test save" time="0.74" />

      <testcase classname="com.ttnd.linksharing.SubscriptionControllerSpec" name="test update" time="0.113" />

      <system-out><![CDATA[--Output from test delete--
--Output from test save--
--Output from test update--
]]></system-out>

      <system-err><![CDATA[--Output from test delete--
--Output from test save--
--Output from test update--
]]></system-err>

  </testsuite>
</testsuites>
